C51 COMPILER V8.05a   KEY                                                                  09/30/2015 10:19:08 PAGE 1   


C51 COMPILER V8.05a, COMPILATION OF MODULE KEY
OBJECT MODULE PLACED IN .\HEX\key.obj
COMPILER INVOKED BY: C:\Keil\C51\BIN\C51.EXE Device\Source\key.c BROWSE INCDIR(..\TESTKIT89S52V2;.\Device\Include;.\Main
                    -\Include;.\ProjectLib\Include) DEBUG OBJECTEXTEND PRINT(.\key.lst) TABS(2) OBJECT(.\HEX\key.obj)

line level    source

   1          #include "key.h"
   2          unsigned int get_key(void)
   3          {
   4   1          KEY0=KEY1=KEY2=KEY3=1;
*** ERROR C202 IN LINE 4 OF DEVICE\SOURCE\KEY.C: 'KEY0': undefined identifier
   5   1          if(!KEY0)
*** ERROR C202 IN LINE 5 OF DEVICE\SOURCE\KEY.C: 'KEY0': undefined identifier
   6   1          {
   7   2              delay_ms(10);
   8   2              if(!KEY0)
*** ERROR C202 IN LINE 8 OF DEVICE\SOURCE\KEY.C: 'KEY0': undefined identifier
   9   2              return 1;
  10   2          }
  11   1          if(!KEY1)
*** ERROR C202 IN LINE 11 OF DEVICE\SOURCE\KEY.C: 'KEY1': undefined identifier
  12   1          {
  13   2              delay_ms(10);
  14   2              if(!KEY1)
*** ERROR C202 IN LINE 14 OF DEVICE\SOURCE\KEY.C: 'KEY1': undefined identifier
  15   2              return 2;
  16   2          }
  17   1          if(!KEY2)
*** ERROR C202 IN LINE 17 OF DEVICE\SOURCE\KEY.C: 'KEY2': undefined identifier
  18   1          {
  19   2              delay_ms(10);
  20   2              if(!KEY2)
*** ERROR C202 IN LINE 20 OF DEVICE\SOURCE\KEY.C: 'KEY2': undefined identifier
  21   2              return 3;
  22   2          }
  23   1          if(!KEY3)
*** ERROR C202 IN LINE 23 OF DEVICE\SOURCE\KEY.C: 'KEY3': undefined identifier
  24   1          {
  25   2              delay_ms(10);
  26   2              if(!KEY3)
*** ERROR C202 IN LINE 26 OF DEVICE\SOURCE\KEY.C: 'KEY3': undefined identifier
  27   2              return 4;
  28   2          }
  29   1          return 0;
  30   1      }

C51 COMPILATION COMPLETE.  0 WARNING(S),  9 ERROR(S)
