C51 COMPILER V9.52.0.0   LCD1602                                                           11/24/2015 13:41:30 PAGE 1   


C51 COMPILER V9.52.0.0, COMPILATION OF MODULE LCD1602
OBJECT MODULE PLACED IN .\HEX\lcd1602.obj
COMPILER INVOKED BY: C:\Keil_v5\C51\BIN\C51.EXE Device\Source\lcd1602.c BROWSE INCDIR(..\TESTKIT89S52V2;.\Device\Include
                    -;.\Main\Include;.\ProjectLib\Include) DEBUG OBJECTEXTEND PRINT(.\lcd1602.lst) TABS(2) OBJECT(.\HEX\lcd1602.obj)

line level    source

   1          /**
   2            ******************************************************************************
   3            * Ten Tep   :     Lcd1602.c
   4            * Tac Gia   :     LE ANH QUANG
   5            * Cong Ty   :     MinhHaGroup
   6            * Website   :     MinhHaGroup.com
   7            * Phien Ban :     V1.0.0
   8            * Ngay      :     19-9-2012
   9            * Tom Tat   :     Dinh nghia cac ham dieu khien LCD1602.
  10            *           
  11            *
  12            ******************************************************************************
  13            * Chu Y   :
  14            *              
  15            ******************************************************************************
  16            */
  17            
  18          #include <main.h>
  19          
  20          // Ham Khoi Tao LCD
  21           void lcd1602_enable(void)
  22          {
  23   1        LCD_E=1;  
  24   1        delay_us(3);    
  25   1        LCD_E=0;
  26   1        delay_us(5);  
  27   1      }
  28          // --------------------------------------------------
  29          // Ham Gui 4 Bit Du Lieu Ra LCD
  30           void lcd1602_send_4bit_data ( unsigned char cX )
  31          {
  32   1       LCD_D4 = cX & 0x01; 
  33   1       LCD_D5 = (cX>>1)&1;
  34   1       LCD_D6 = (cX>>2)&1;
  35   1       LCD_D7 = (cX>>3)&1;
  36   1      }
  37          
  38          // --------------------------------------------------
  39          // Ham Gui 1 Lenh Cho LCD
  40           void lcd1602_send_command (unsigned char cX )
  41          {
  42   1        lcd1602_send_4bit_data  ( cX >>4 );     // send 4 bit high  
  43   1        lcd1602_enable() ;
  44   1        lcd1602_send_4bit_data ( cX  );         // send 4 bit low  
  45   1        lcd1602_enable() ;
  46   1      }
  47          
  48          // --------------------------------------------------
  49          // Ham Khoi Tao LCD
  50           void lcd1602_init ( void )
  51          {
  52   1        lcd1602_send_4bit_data ( 0x00 );
  53   1        delay_ms(200);
  54   1        
C51 COMPILER V9.52.0.0   LCD1602                                                           11/24/2015 13:41:30 PAGE 2   

  55   1        LCD_RS=0; 
  56   1        LCD_RW=0;
  57   1        LCD_E=0;                                  // che do gui lenh
  58   1        
  59   1        lcd1602_send_4bit_data ( 0x03 );          // ket noi 8 bit
  60   1        lcd1602_enable() ;
  61   1        lcd1602_enable () ;
  62   1        lcd1602_enable () ;
  63   1        lcd1602_send_4bit_data ( 0x02 );          // ket noi 4 bit
  64   1        lcd1602_enable() ;
  65   1        
  66   1        lcd1602_send_command( 0x2C );             // giao thuc 4 bit, hien thi 2 hang, ki tu 5x8
  67   1        lcd1602_send_command( 0x80);
  68   1        lcd1602_send_command( 0x0C);              // cho phep hien thi man hinh
  69   1        lcd1602_send_command( 0x06 );             // tang ID, khong dich khung hinh
  70   1        lcd1602_send_command( CLEAR_LCD );        // xoa toan bo khung hinh
  71   1      }
  72          
  73          // --------------------------------------------------
  74          // Ham Thiet Lap Vi Tri Con Tro
  75          void lcd1602_gotoxy(unsigned char x, unsigned char y)
  76          {
  77   1        unsigned char address;
  78   1        if(!y)
  79   1        address = (LINE_1+x);
  80   1        else
  81   1        address = (LINE_2+x);
  82   1        delay_ms(3);
  83   1        lcd1602_send_command(address);
  84   1        delay_ms(1);
  85   1      }
  86          
  87          // --------------------------------------------------
  88          // Ham Xoa Man Hinh LCD
  89          void lcd1602_clear(void)
  90          {
  91   1        lcd1602_send_command( CLEAR_LCD );  
  92   1        //delay_us(300);
  93   1      }
  94          
  95          // --------------------------------------------------
  96          // Ham Gui 1 Ky Tu Len LCD
  97           void lcd1602_putchar ( unsigned int cX )
  98          {
  99   1        LCD_RS=1; 
 100   1        lcd1602_send_command( cX );
 101   1        LCD_RS=0;
 102   1      }
 103          
 104          // --------------------------------------------------
 105          // Ham Gui 1 Chuoi Ky Tu Len LCD
 106          void lcd1602_puts(char *s)
 107          {
 108   1         while (*s)
 109   1         {
 110   2            lcd1602_putchar(*s);
 111   2            s++;
 112   2         }
 113   1      }
 114          // ------------------END OF FILE--------------------
 115          // -------------------------------------------------
 116          
C51 COMPILER V9.52.0.0   LCD1602                                                           11/24/2015 13:41:30 PAGE 3   

 117          
 118          
 119          
 120          
 121          


MODULE INFORMATION:   STATIC OVERLAYABLE
   CODE SIZE        =    216    ----
   CONSTANT SIZE    =   ----    ----
   XDATA SIZE       =   ----    ----
   PDATA SIZE       =   ----    ----
   DATA SIZE        =   ----       5
   IDATA SIZE       =   ----    ----
   BIT SIZE         =   ----    ----
END OF MODULE INFORMATION.


C51 COMPILATION COMPLETE.  0 WARNING(S),  0 ERROR(S)
