C51 COMPILER V9.52.0.0   MAIN                                                              11/24/2015 13:41:29 PAGE 1   


C51 COMPILER V9.52.0.0, COMPILATION OF MODULE MAIN
OBJECT MODULE PLACED IN .\HEX\main.obj
COMPILER INVOKED BY: C:\Keil_v5\C51\BIN\C51.EXE Main\Source\main.c BROWSE INCDIR(..\TESTKIT89S52V2;.\Device\Include;.\Ma
                    -in\Include;.\ProjectLib\Include) DEBUG OBJECTEXTEND PRINT(.\main.lst) TABS(2) OBJECT(.\HEX\main.obj)

line level    source

   1          /**
   2            ******************************************************************************
   3            * Ten Tep   :     main.h
   4            * Tac Gia   :     LE VAN TOAN
   5            * Cong Ty   :     MinhHaGroup
   6            * Website   :     MinhHaGroup.com
   7            * Phien Ban :     V1.0.0
   8            * Ngay      :     29/9/2015
   9            * Tom Tat   :     Chuong trinh chinh, thuc hien cac chuc nang cua KIT89s52 V2
  10            *           
  11            *
  12            ******************************************************************************
  13            * Chu Y   :
  14            *              
  15            ******************************************************************************
  16            */
  17            
  18          
  19          #include <main.h> 
  20          
  21          
  22          
  23          void main()
  24          { 
  25   1        
  26   1        Test_LCD16x2();
  27   1        delay_ms(800);
  28   1        P3_6=0; 
  29   1        while(1)
  30   1        {
  31   2          Test_Key_2x2();
  32   2        
  33   2        } 
  34   1      }
  35          
  36          


MODULE INFORMATION:   STATIC OVERLAYABLE
   CODE SIZE        =     17    ----
   CONSTANT SIZE    =   ----    ----
   XDATA SIZE       =   ----    ----
   PDATA SIZE       =   ----    ----
   DATA SIZE        =   ----    ----
   IDATA SIZE       =   ----    ----
   BIT SIZE         =   ----    ----
END OF MODULE INFORMATION.


C51 COMPILATION COMPLETE.  0 WARNING(S),  0 ERROR(S)
