C51 COMPILER V9.52.0.0   TIMER                                                             11/24/2015 13:41:30 PAGE 1   


C51 COMPILER V9.52.0.0, COMPILATION OF MODULE TIMER
OBJECT MODULE PLACED IN .\HEX\timer.obj
COMPILER INVOKED BY: C:\Keil_v5\C51\BIN\C51.EXE Device\Source\timer.c BROWSE INCDIR(..\TESTKIT89S52V2;.\Device\Include;.
                    -\Main\Include;.\ProjectLib\Include) DEBUG OBJECTEXTEND PRINT(.\timer.lst) TABS(2) OBJECT(.\HEX\timer.obj)

line level    source

   1          #include "timer.h"
   2          void delay_timer_500us(void)
   3          {
   4   1          TL0=0x33;   
   5   1          TH0=0xfe; 
   6   1          TF0=0;
   7   1          TR0=1;
   8   1          while(!TF0);
   9   1          TR0=0;
  10   1          TF0=0;
  11   1      }
  12          
  13          void delay_timer_200us(void)
  14          {
  15   1          TL0=0x48;   
  16   1          TH0=0xff; 
  17   1          TF0=0;
  18   1          TR0=1;
  19   1          while(!TF0);
  20   1          TR0=0;
  21   1          TF0=0;
  22   1      }
  23          
  24          void delay_timer_750us(void)
  25          {
  26   1          TL0=0x4d;   
  27   1          TH0=0xfd; 
  28   1          TF0=0;
  29   1          TR0=1;
  30   1          while(!TF0);
  31   1          TR0=0;
  32   1          TF0=0;
  33   1      }
  34          
  35          uint8_t INFR_CheckStart()
  36          {
  37   1        uint8_t i;
  38   1        if(INFR_DATA==0)             
  39   1          {
  40   2              delay_timer_500us();           
  41   2              if(INFR_DATA==0)         
  42   2              {       
  43   3                  for(i=0;i<40;i++)   
  44   3                  {
  45   4                      delay_timer_200us();
  46   4                      if(INFR_DATA==1) return 0;    
  47   4                  } 
  48   3                  while(INFR_DATA==1);               
  49   3                // return 1;            
  50   3              }  
  51   2              
  52   2          } 
  53   1          return 1;  
  54   1      }
C51 COMPILER V9.52.0.0   TIMER                                                             11/24/2015 13:41:30 PAGE 2   

  55          
  56          
  57          uint16_t INFR_GetCode(void)
  58          {
  59   1          uint8_t i;
  60   1          uint16_t data_infr=0;
  61   1          if(INFR_CheckStart())             // Neu dung xung START
  62   1          {
  63   2              while(INFR_DATA==0);          // Cho het bit 0 tiep theo
  64   2              for(i=0;i<24;i++)             // Lay 24 bit du lieu (bao gom 8 bit 0 va 8 bit 1 dau tien sau xung 
             -start)
  65   2              {    
  66   3                  delay_timer_750us();            // Delay 750us de kiem tra bit
  67   3                  data_infr=data_infr<<1;
  68   3                  if(INFR_DATA==0) data_infr|=1;
  69   3                  while(INFR_DATA==1);      // cho canh len
  70   3                  while(INFR_DATA==0);     
  71   3              }
  72   2              delay_ms(600);                // Cho het tin hieu (chong nhieu) 
  73   2          }
  74   1          return data_infr;
  75   1      }
  76          


MODULE INFORMATION:   STATIC OVERLAYABLE
   CODE SIZE        =    142    ----
   CONSTANT SIZE    =   ----    ----
   XDATA SIZE       =   ----    ----
   PDATA SIZE       =   ----    ----
   DATA SIZE        =   ----       2
   IDATA SIZE       =   ----    ----
   BIT SIZE         =   ----    ----
END OF MODULE INFORMATION.


C51 COMPILATION COMPLETE.  0 WARNING(S),  0 ERROR(S)
